21:49:46 **** Incremental Build of configuration Debug for project main_stm32h742 ****
make -j4 all 
arm-none-eabi-g++ "D:/repos_temp/4WheelCar/src/MotorAO/Motor.cpp" -mcpu=cortex-m7 -std=gnu++14 -g3 -DQ_EVT_CTOR -DUSE_HAL_DRIVER -DSTM32H7 -DSTM32H743xx -DDEBUG '-DTICKS_TIMEOUT_SEC=100' -c -I../Core/Inc -I../Drivers/STM32H7xx_HAL_Driver/Inc -I../Drivers/STM32H7xx_HAL_Driver/Inc/Legacy -I../Drivers/CMSIS/Device/ST/STM32H7xx/Include -I../Drivers/CMSIS/Include -I"D:/repos_temp/4WheelCar/src" -I"D:/repos_temp/4WheelCar/src/thirdparty/devices_stm32_hal" -I"D:/repos_temp/4WheelCar/src/thirdparty/MadgwickAHRS/src" -I"D:/repos_temp/4WheelCar/src/thirdparty/mpu9250/src" -I"D:/repos_temp/4WheelCar/src/thirdparty/qpcpp/src" -I"D:/repos_temp/4WheelCar/src/thirdparty/qpcpp/ports/freertos" -I"D:/repos_temp/4WheelCar/src/thirdparty/qpcpp/include" -I"D:/repos_temp/4WheelCar/src/thirdparty/orion/orion_protocol/include" -I"D:/repos_temp/4WheelCar/src/MotorAO" -I../Middlewares/Third_Party/FreeRTOS/Source/include -I../Middlewares/Third_Party/FreeRTOS/Source/CMSIS_RTOS -I../Middlewares/Third_Party/FreeRTOS/Source/portable/GCC/ARM_CM4F -I"D:/repos_temp/4WheelCar/src/thirdparty/rosserial_arduino_lib/src" -I"D:/repos_temp/4WheelCar/src/rosserial" -I"D:/repos_temp/4WheelCar/src/thirdparty/PID3" -I"D:/repos_temp/4WheelCar/src/SensorsAO" -I../USB_DEVICE/App -I../USB_DEVICE/Target -I../Middlewares/ST/STM32_USB_Device_Library/Core/Inc -I../Middlewares/ST/STM32_USB_Device_Library/Class/CDC/Inc -O0 -ffunction-sections -fdata-sections -fno-exceptions -fno-rtti -fno-use-cxa-atexit -Wall -fstack-usage -MMD -MP -MF"src/MotorAO/Motor.d" -MT"src/MotorAO/Motor.o"  -mfpu=fpv5-d16 -mfloat-abi=hard -mthumb -o "src/MotorAO/Motor.o"
D:/repos_temp/4WheelCar/src/MotorAO/Motor.cpp: In member function 'virtual bool motor::Motor::pid_init(const QP::QEvt*)':
D:/repos_temp/4WheelCar/src/MotorAO/Motor.cpp:49:10: warning: unused variable 'ev' [-Wunused-variable]
     auto ev = (Event*)e;
          ^~
D:/repos_temp/4WheelCar/src/MotorAO/Motor.cpp: In member function 'virtual bool motor::Motor::pid_timeout(const QP::QEvt*)':
D:/repos_temp/4WheelCar/src/MotorAO/Motor.cpp:58:10: warning: unused variable 'ev' [-Wunused-variable]
     auto ev = (Event*)e;
          ^~
D:/repos_temp/4WheelCar/src/MotorAO/Motor.cpp: In member function 'virtual bool motor::Motor::get_wheel_speed(const QP::QEvt*)':
D:/repos_temp/4WheelCar/src/MotorAO/Motor.cpp:86:55: warning: narrowing conversion of '((motor::Motor*)this)->motor::Motor::wheel[0].motor::Motor::Wheel::enc->WheelMotorEncoder::<anonymous>.HallEncoder::get_position()' from 'int64_t {aka long long int}' to 'double' inside { } [-Wnarrowing]
     double positions[2] = {wheel[kL].enc->get_position(), wheel[kR].enc->get_position()};
                            ~~~~~~~~~~~~~~~~~~~~~~~~~~~^~
D:/repos_temp/4WheelCar/src/MotorAO/Motor.cpp:86:86: warning: narrowing conversion of '((motor::Motor*)this)->motor::Motor::wheel[1].motor::Motor::Wheel::enc->WheelMotorEncoder::<anonymous>.HallEncoder::get_position()' from 'int64_t {aka long long int}' to 'double' inside { } [-Wnarrowing]
     double positions[2] = {wheel[kL].enc->get_position(), wheel[kR].enc->get_position()};
                                                           ~~~~~~~~~~~~~~~~~~~~~~~~~~~^~
D:/repos_temp/4WheelCar/src/MotorAO/Motor.cpp:79:10: warning: unused variable 'ev' [-Wunused-variable]
     auto ev = (Event*)e;
          ^~
arm-none-eabi-g++ -o "main_stm32h742.elf" @"objects.list"   -mcpu=cortex-m7 -T"D:\repos_temp\4WheelCar\STM32CubeIDE\main_stm32h742\STM32H743ZITX_FLASH.ld" --specs=nosys.specs -Wl,-Map="main_stm32h742.map" -Wl,--gc-sections -static  -mfpu=fpv5-d16 -mfloat-abi=hard -mthumb -u _printf_float -u _scanf_float -Wl,--start-group -lc -lm -lstdc++ -lsupc++ -Wl,--end-group
Finished building target: main_stm32h742.elf
 
arm-none-eabi-objdump -h -S  main_stm32h742.elf  > "main_stm32h742.list"
arm-none-eabi-objcopy  -O binary  main_stm32h742.elf  "main_stm32h742.bin"
arm-none-eabi-size   main_stm32h742.elf 
   text	   data	    bss	    dec	    hex	filename
 188920	   3096	 100616	 292632	  47718	main_stm32h742.elf
Finished building: default.size.stdout
 
Finished building: main_stm32h742.bin
 
Finished building: main_stm32h742.list
 
21:50:01 **** Incremental Build of configuration Debug for project main_stm32h742 ****
make -j4 all 
arm-none-eabi-size   main_stm32h742.elf 
   text	   data	    bss	    dec	    hex	filename
 188920	   3096	 100616	 292632	  47718	main_stm32h742.elf
Finished building: default.size.stdout
 
21:51:22 **** Incremental Build of configuration Debug for project main_stm32h742 ****
make -j4 all 
arm-none-eabi-size   main_stm32h742.elf 
   text	   data	    bss	    dec	    hex	filename
 188920	   3096	 100616	 292632	  47718	main_stm32h742.elf
Finished building: default.size.stdout
 
